#
# There is insufficient memory for the Java Runtime Environment to continue.
# Native memory allocation (mmap) failed to map 268435456 bytes. Error detail: G1 virtual space
# Possible reasons:
#   The system is out of physical RAM or swap space
#   This process is running with CompressedOops enabled, and the Java Heap may be blocking the growth of the native heap
# Possible solutions:
#   Reduce memory load on the system
#   Increase physical memory or swap space
#   Check if swap backing store is full
#   Decrease Java heap size (-Xmx/-Xms)
#   Decrease number of Java threads
#   Decrease Java thread stack sizes (-Xss)
#   Set larger code cache with -XX:ReservedCodeCacheSize=
#   JVM is running with Zero Based Compressed Oops mode in which the Java heap is
#     placed in the first 32GB address space. The Java Heap base address is the
#     maximum limit for the native heap growth. Please use -XX:HeapBaseMinAddress
#     to set the Java Heap base and to place the Java Heap above 32GB virtual address.
# This output file may be truncated or incomplete.
#
#  Out of Memory Error (os_windows.cpp:3898), pid=32320, tid=9944
#
# JRE version:  (21.0.6) (build )
# Java VM: OpenJDK 64-Bit Server VM (21.0.6+-13355223-b631.42, mixed mode, sharing, tiered, compressed oops, compressed class ptrs, g1 gc, windows-amd64)
# No core dump will be written. Minidumps are not enabled by default on client versions of Windows
#

---------------  S U M M A R Y ------------

Command Line: git4idea.http.GitAskPassApp Username for 'https://github.com': 

Host: Intel(R) Core(TM) i7-9700K CPU @ 3.60GHz, 8 cores, 15G,  Windows 11 , 64 bit Build 26100 (10.0.26100.3775)
Time: Sat Apr 26 21:33:32 2025 FLE Daylight Time elapsed time: 1.177071 seconds (0d 0h 0m 1s)

---------------  T H R E A D  ---------------

Current thread (0x0000020589df48f0):  JavaThread "Unknown thread" [_thread_in_vm, id=9944, stack(0x0000002c49a00000,0x0000002c49b00000) (1024K)]

Stack: [0x0000002c49a00000,0x0000002c49b00000]
Native frames: (J=compiled Java code, j=interpreted, Vv=VM code, C=native code)
V  [jvm.dll+0x6d05a9]
V  [jvm.dll+0x85ea73]
V  [jvm.dll+0x860fce]
V  [jvm.dll+0x8616b3]
V  [jvm.dll+0x27e6e6]
V  [jvm.dll+0x6ccf45]
V  [jvm.dll+0x6c09fa]
V  [jvm.dll+0x35535b]
V  [jvm.dll+0x35cfb6]
V  [jvm.dll+0x3aef46]
V  [jvm.dll+0x3af218]
V  [jvm.dll+0x327a2c]
V  [jvm.dll+0x32871b]
V  [jvm.dll+0x8264b9]
V  [jvm.dll+0x3bc118]
V  [jvm.dll+0x80f768]
V  [jvm.dll+0x4502ce]
V  [jvm.dll+0x451a31]
C  [jli.dll+0x52ab]
C  [ucrtbase.dll+0x37b0]
C  [KERNEL32.DLL+0x2e8d7]
C  [ntdll.dll+0xb14fc]


---------------  P R O C E S S  ---------------

Threads class SMR info:
_java_thread_list=0x00007ffcbdd41848, length=0, elements={
}

Java Threads: ( => current thread )
Total: 0

Other Threads:
  0x000002058c2805e0 WorkerThread "GC Thread#0"                     [id=32252, stack(0x0000002c49b00000,0x0000002c49c00000) (1024K)]
  0x000002058c2921d0 ConcurrentGCThread "G1 Main Marker"            [id=31696, stack(0x0000002c49c00000,0x0000002c49d00000) (1024K)]
  0x000002058c292be0 WorkerThread "G1 Conc#0"                       [id=12880, stack(0x0000002c49d00000,0x0000002c49e00000) (1024K)]

[error occurred during error reporting (printing all threads), id 0xc0000005, EXCEPTION_ACCESS_VIOLATION (0xc0000005) at pc=0x00007ffcbd53aa67]
VM state: not at safepoint (not fully initialized)

VM Mutex/Monitor currently owned by a thread:  ([mutex/lock_event])
[0x00007ffcbddae4a0] Heap_lock - owner thread: 0x0000020589df48f0

Heap address: 0x0000000701400000, size: 4076 MB, Compressed Oops mode: Zero based, Oop shift amount: 3

CDS archive(s) mapped at: [0x0000000000000000-0x0000000000000000-0x0000000000000000), size 0, SharedBaseAddress: 0x0000000800000000, ArchiveRelocationMode: 1.
Narrow klass base: 0x0000000000000000, Narrow klass shift: 0, Narrow klass range: 0x0

GC Precious Log:
 CardTable entry size: 512
 Card Set container configuration: InlinePtr #cards 4 size 8 Array Of Cards #cards 16 size 48 Howl #buckets 8 coarsen threshold 3686 Howl Bitmap #cards 512 size 80 coarsen threshold 460 Card regions per heap region 1 cards per card region 4096

Heap:
 garbage-first heap   total 0K, used 0K [0x0000000701400000, 0x0000000800000000)
  region size 2048K, 0 young (0K), 0 survivors (0K)
 Metaspace       used 0K, committed 0K, reserved 0K
  class space    used 0K, committed 0K, reserved 0K

Heap Regions: E=young(eden), S=young(survivor), O=old, HS=humongous(starts), HC=humongous(continues), CS=collection set, F=free, TAMS=top-at-mark-start, PB=parsable bottom

Card table byte_map: [0x000002059eea0000,0x000002059f6a0000] _byte_map_base: 0x000002059b696000

Marking Bits: (CMBitMap*) 0x000002058c280bf0
 Bits: [0x000002059f6a0000, 0x00000205a3650000)

GC Heap History (0 events):
No events

Dll operation events (1 events):
Event: 0.009 Loaded shared library C:\Program Files\Android\Android Studio\jbr\bin\java.dll

Deoptimization events (0 events):
No events

Classes loaded (0 events):
No events

Classes unloaded (0 events):
No events

Classes redefined (0 events):
No events

Internal exceptions (0 events):
No events

ZGC Phase Switch (0 events):
No events

VM Operations (0 events):
No events

Memory protections (0 events):
No events

Nmethod flushes (0 events):
No events

Events (0 events):
No events


Dynamic libraries:
0x00007ff6ed330000 - 0x00007ff6ed33a000 	C:\Program Files\Android\Android Studio\jbr\bin\java.exe
0x00007ffd29380000 - 0x00007ffd295e0000 	C:\WINDOWS\SYSTEM32\ntdll.dll
0x00007ffd27df0000 - 0x00007ffd27eb7000 	C:\WINDOWS\System32\KERNEL32.DLL
0x00007ffd26db0000 - 0x00007ffd2717a000 	C:\WINDOWS\System32\KERNELBASE.dll
0x00007ffd26560000 - 0x00007ffd266ab000 	C:\WINDOWS\System32\ucrtbase.dll
0x00007ffd1fb70000 - 0x00007ffd1fb8b000 	C:\Program Files\Android\Android Studio\jbr\bin\VCRUNTIME140.dll
0x00007ffd00190000 - 0x00007ffd001a8000 	C:\Program Files\Android\Android Studio\jbr\bin\jli.dll
0x00007ffd280c0000 - 0x00007ffd2828c000 	C:\WINDOWS\System32\USER32.dll
0x00007ffcff040000 - 0x00007ffcff2d7000 	C:\WINDOWS\WinSxS\amd64_microsoft.windows.common-controls_6595b64144ccf1df_6.0.26100.3624_none_3e086962e3345f24\COMCTL32.dll
0x00007ffd268c0000 - 0x00007ffd268e7000 	C:\WINDOWS\System32\win32u.dll
0x00007ffd27870000 - 0x00007ffd2789a000 	C:\WINDOWS\System32\GDI32.dll
0x00007ffd286a0000 - 0x00007ffd28749000 	C:\WINDOWS\System32\msvcrt.dll
0x00007ffd268f0000 - 0x00007ffd26a21000 	C:\WINDOWS\System32\gdi32full.dll
0x00007ffd26d00000 - 0x00007ffd26da3000 	C:\WINDOWS\System32\msvcp_win.dll
0x00007ffd27480000 - 0x00007ffd274af000 	C:\WINDOWS\System32\IMM32.DLL
0x00007ffd204c0000 - 0x00007ffd204cc000 	C:\Program Files\Android\Android Studio\jbr\bin\vcruntime140_1.dll
0x00007ffcf0170000 - 0x00007ffcf01fd000 	C:\Program Files\Android\Android Studio\jbr\bin\msvcp140.dll
0x00007ffcbd200000 - 0x00007ffcbde8b000 	C:\Program Files\Android\Android Studio\jbr\bin\server\jvm.dll
0x00007ffd27760000 - 0x00007ffd27812000 	C:\WINDOWS\System32\ADVAPI32.dll
0x00007ffd285f0000 - 0x00007ffd28696000 	C:\WINDOWS\System32\sechost.dll
0x00007ffd274c0000 - 0x00007ffd275d6000 	C:\WINDOWS\System32\RPCRT4.dll
0x00007ffd28f00000 - 0x00007ffd28f74000 	C:\WINDOWS\System32\WS2_32.dll
0x00007ffd25f20000 - 0x00007ffd25f7e000 	C:\WINDOWS\SYSTEM32\POWRPROF.dll
0x00007ffd17030000 - 0x00007ffd17066000 	C:\WINDOWS\SYSTEM32\WINMM.dll
0x00007ffd20530000 - 0x00007ffd2053b000 	C:\WINDOWS\SYSTEM32\VERSION.dll
0x00007ffd25e00000 - 0x00007ffd25e14000 	C:\WINDOWS\SYSTEM32\UMPDC.dll
0x00007ffd25330000 - 0x00007ffd2534a000 	C:\WINDOWS\SYSTEM32\kernel.appcore.dll
0x00007ffd1f010000 - 0x00007ffd1f01a000 	C:\Program Files\Android\Android Studio\jbr\bin\jimage.dll
0x00007ffd161f0000 - 0x00007ffd16431000 	C:\WINDOWS\SYSTEM32\DBGHELP.DLL
0x00007ffd28fb0000 - 0x00007ffd29332000 	C:\WINDOWS\System32\combase.dll
0x00007ffd284e0000 - 0x00007ffd285b6000 	C:\WINDOWS\System32\OLEAUT32.dll
0x00007ffd00f00000 - 0x00007ffd00f39000 	C:\WINDOWS\SYSTEM32\dbgcore.DLL
0x00007ffd26820000 - 0x00007ffd268b9000 	C:\WINDOWS\System32\bcryptPrimitives.dll
0x00007ffd1eff0000 - 0x00007ffd1f010000 	C:\Program Files\Android\Android Studio\jbr\bin\java.dll

dbghelp: loaded successfully - version: 4.0.5 - missing functions: none
symbol engine: initialized successfully - sym options: 0x614 - pdb path: .;C:\Program Files\Android\Android Studio\jbr\bin;C:\WINDOWS\SYSTEM32;C:\WINDOWS\WinSxS\amd64_microsoft.windows.common-controls_6595b64144ccf1df_6.0.26100.3624_none_3e086962e3345f24;C:\Program Files\Android\Android Studio\jbr\bin\server

VM Arguments:
java_command: git4idea.http.GitAskPassApp Username for 'https://github.com': 
java_class_path (initial): C:/Program Files/Android/Android Studio/plugins/vcs-git/lib/git4idea-rt.jar;C:/Program Files/Android/Android Studio/lib/externalProcess-rt.jar
Launcher Type: SUN_STANDARD

[Global flags]
     intx CICompilerCount                          = 4                                         {product} {ergonomic}
     uint ConcGCThreads                            = 2                                         {product} {ergonomic}
     uint G1ConcRefinementThreads                  = 8                                         {product} {ergonomic}
   size_t G1HeapRegionSize                         = 2097152                                   {product} {ergonomic}
    uintx GCDrainStackTargetSize                   = 64                                        {product} {ergonomic}
   size_t InitialHeapSize                          = 268435456                                 {product} {ergonomic}
   size_t MarkStackSize                            = 4194304                                   {product} {ergonomic}
   size_t MaxHeapSize                              = 4273995776                                {product} {ergonomic}
   size_t MinHeapDeltaBytes                        = 2097152                                   {product} {ergonomic}
   size_t MinHeapSize                              = 8388608                                   {product} {ergonomic}
    uintx NonNMethodCodeHeapSize                   = 5839372                                {pd product} {ergonomic}
    uintx NonProfiledCodeHeapSize                  = 122909434                              {pd product} {ergonomic}
    uintx ProfiledCodeHeapSize                     = 122909434                              {pd product} {ergonomic}
    uintx ReservedCodeCacheSize                    = 251658240                              {pd product} {ergonomic}
     bool SegmentedCodeCache                       = true                                      {product} {ergonomic}
   size_t SoftMaxHeapSize                          = 4273995776                             {manageable} {ergonomic}
     bool UseCompressedOops                        = true                           {product lp64_product} {ergonomic}
     bool UseG1GC                                  = true                                      {product} {ergonomic}
     bool UseLargePagesIndividualAllocation        = false                                  {pd product} {ergonomic}

Logging:
Log output configuration:
 #0: stdout all=warning uptime,level,tags foldmultilines=false
 #1: stderr all=off uptime,level,tags foldmultilines=false

Environment Variables:
JAVA_HOME=C:\Program Files\Java\jdk-23
PATH=C:\Program Files\Git\mingw64\libexec\git-core;C:\Program Files\Git\mingw64\libexec\git-core;C:\Program Files\Git\mingw64\bin;C:\Program Files\Git\usr\bin;C:\Users\Sumu\bin;C:\Program Files\Common Files\Oracle\Java\javapath;C:\WINDOWS\system32;C:\WINDOWS;C:\WINDOWS\System32\Wbem;C:\WINDOWS\System32\WindowsPowerShell\v1.0;C:\WINDOWS\System32\OpenSSH;C:\Program Files\NVIDIA Corporation\NVIDIA NvDLISR;C:\Program Files (x86)\NVIDIA Corporation\PhysX\Common;C:\Users\Sumu\AppData\Local\Programs\Python\Python313\Scripts;C:\Users\Sumu\AppData\Local\Programs\Python\Python313;C:\Users\Sumu\AppData\Local\Microsoft\WindowsApps;C:\Users\Sumu\AppData\Local\Programs\Microsoft VS Code\bin;C:\Program Files\maven\apache-maven-3.9.9\bin
USERNAME=Sumu
DISPLAY=:0.0
LC_ALL=en_US.UTF-8
TERM=xterm-256color
TMPDIR=C:\Users\Sumu\AppData\Local\Temp
OS=Windows_NT
PROCESSOR_IDENTIFIER=Intel64 Family 6 Model 158 Stepping 12, GenuineIntel
TMP=C:\Users\Sumu\AppData\Local\Temp
TEMP=C:\Users\Sumu\AppData\Local\Temp




Periodic native trim disabled

JNI global refs:
JNI global refs: 0, weak refs: 0

JNI global refs memory usage: 0, weak refs: 0

Process memory usage:
Resident Set Size: 13348K (0% of 16691828K total physical memory with 3544528K free physical memory)

OOME stack traces (most recent first):
Classloader memory used:

---------------  S Y S T E M  ---------------

OS:
 Windows 11 , 64 bit Build 26100 (10.0.26100.3775)
OS uptime: 16 days 11:58 hours
Hyper-V role detected

CPU: total 8 (initial active 8) (8 cores per cpu, 1 threads per core) family 6 model 158 stepping 12 microcode 0xf4, cx8, cmov, fxsr, mmx, 3dnowpref, sse, sse2, sse3, ssse3, sse4.1, sse4.2, popcnt, lzcnt, tsc, tscinvbit, avx, avx2, aes, erms, clmul, bmi1, bmi2, rtm, adx, fma, vzeroupper, clflush, clflushopt, hv, rdtscp, f16c
Processor Information for the first 8 processors :
  Max Mhz: 3600, Current Mhz: 3600, Mhz Limit: 3600

Memory: 4k page, system-wide physical 16300M (3461M free)
TotalPageFile size 30498M (AvailPageFile size 188M)
current process WorkingSet (physical memory assigned to process): 13M, peak: 13M
current process commit charge ("private bytes"): 60M, peak: 316M

vm_info: OpenJDK 64-Bit Server VM (21.0.6+-13355223-b631.42) for windows-amd64 JRE (21.0.6+-13355223-b631.42), built on 2025-04-14T18:21:23Z by "builder" with MS VC++ 16.10 / 16.11 (VS2019)

END.
